
*** Running vivado
    with args -log fir.vds -m64 -product Vivado -mode batch -messageDb vivado.pb -notrace -source fir.tcl


****** Vivado v2022.1 (64-bit)
  **** SW Build 3526262 on Mon Apr 18 15:47:01 MDT 2022
  **** IP Build 3524634 on Mon Apr 18 20:55:01 MDT 2022
    ** Copyright 1986-2022 Xilinx, Inc. All Rights Reserved.

source fir.tcl -notrace
Command: read_checkpoint -auto_incremental -incremental /home/ubuntu/course/lab3/project_1/project_1.srcs/utils_1/imports/synth_1/fir.dcp
INFO: [Vivado 12-5825] Read reference checkpoint from /home/ubuntu/course/lab3/project_1/project_1.srcs/utils_1/imports/synth_1/fir.dcp for incremental synthesis
INFO: [Vivado 12-7989] Please ensure there are no constraint changes
Command: synth_design -top fir -part xc7z020clg400-1
Starting synth_design
Attempting to get a license for feature 'Synthesis' and/or device 'xc7z020'
INFO: [Common 17-349] Got license for feature 'Synthesis' and/or device 'xc7z020'
INFO: [Device 21-403] Loading part xc7z020clg400-1
INFO: [Designutils 20-5440] No compile time benefit to using incremental synthesis; A full resynthesis will be run
INFO: [Designutils 20-4379] Flow is switching to default flow due to incremental criteria not met. If you would like to alter this behaviour and have the flow terminate instead, please set the following parameter config_implementation {autoIncr.Synth.RejectBehavior Terminate}
INFO: [Synth 8-7079] Multithreading enabled for synth_design using a maximum of 4 processes.
INFO: [Synth 8-7078] Launching helper process for spawning children vivado processes
INFO: [Synth 8-7075] Helper process launched with PID 27078
WARNING: [Synth 8-9887] parameter declaration becomes local in 'fir' with formal parameter declaration list [/home/ubuntu/course/lab3/fir/rtl/fir.v:64]
WARNING: [Synth 8-9887] parameter declaration becomes local in 'fir' with formal parameter declaration list [/home/ubuntu/course/lab3/fir/rtl/fir.v:560]
WARNING: [Synth 8-9887] parameter declaration becomes local in 'fir' with formal parameter declaration list [/home/ubuntu/course/lab3/fir/rtl/fir.v:564]
WARNING: [Synth 8-9887] parameter declaration becomes local in 'fir' with formal parameter declaration list [/home/ubuntu/course/lab3/fir/rtl/fir.v:570]
WARNING: [Synth 8-9887] parameter declaration becomes local in 'fir' with formal parameter declaration list [/home/ubuntu/course/lab3/fir/rtl/fir.v:573]
WARNING: [Synth 8-9887] parameter declaration becomes local in 'fir' with formal parameter declaration list [/home/ubuntu/course/lab3/fir/rtl/fir.v:576]
---------------------------------------------------------------------------------
Starting RTL Elaboration : Time (s): cpu = 00:00:04 ; elapsed = 00:00:05 . Memory (MB): peak = 2903.078 ; gain = 0.000 ; free physical = 1378 ; free virtual = 5167
---------------------------------------------------------------------------------
INFO: [Synth 8-6157] synthesizing module 'fir' [/home/ubuntu/course/lab3/fir/rtl/fir.v:2]
INFO: [Synth 8-155] case statement is not full and has no default [/home/ubuntu/course/lab3/fir/rtl/fir.v:615]
INFO: [Synth 8-226] default block is never used [/home/ubuntu/course/lab3/fir/rtl/fir.v:1033]
INFO: [Synth 8-6155] done synthesizing module 'fir' (0#1) [/home/ubuntu/course/lab3/fir/rtl/fir.v:2]
WARNING: [Synth 8-7129] Port ss_tlast in module fir is either unconnected or has no load
---------------------------------------------------------------------------------
Finished RTL Elaboration : Time (s): cpu = 00:00:06 ; elapsed = 00:00:06 . Memory (MB): peak = 2903.078 ; gain = 0.000 ; free physical = 2401 ; free virtual = 6191
---------------------------------------------------------------------------------
---------------------------------------------------------------------------------
Start Handling Custom Attributes
---------------------------------------------------------------------------------
---------------------------------------------------------------------------------
Finished Handling Custom Attributes : Time (s): cpu = 00:00:06 ; elapsed = 00:00:07 . Memory (MB): peak = 2903.078 ; gain = 0.000 ; free physical = 2433 ; free virtual = 6223
---------------------------------------------------------------------------------
---------------------------------------------------------------------------------
Finished RTL Optimization Phase 1 : Time (s): cpu = 00:00:06 ; elapsed = 00:00:07 . Memory (MB): peak = 2903.078 ; gain = 0.000 ; free physical = 2433 ; free virtual = 6223
---------------------------------------------------------------------------------
Netlist sorting complete. Time (s): cpu = 00:00:00 ; elapsed = 00:00:00.01 . Memory (MB): peak = 2903.078 ; gain = 0.000 ; free physical = 2432 ; free virtual = 6222
INFO: [Project 1-570] Preparing netlist for logic optimization

Processing XDC Constraints
Initializing timing engine
Parsing XDC File [/home/ubuntu/course/lab3/project_1/project_1.srcs/constrs_1/new/constraints.xdc]
Finished Parsing XDC File [/home/ubuntu/course/lab3/project_1/project_1.srcs/constrs_1/new/constraints.xdc]
Completed Processing XDC Constraints

Netlist sorting complete. Time (s): cpu = 00:00:00 ; elapsed = 00:00:00 . Memory (MB): peak = 2919.086 ; gain = 0.000 ; free physical = 2376 ; free virtual = 6166
INFO: [Project 1-111] Unisim Transformation Summary:
No Unisim elements were transformed.

Constraint Validation Runtime : Time (s): cpu = 00:00:00 ; elapsed = 00:00:00.01 . Memory (MB): peak = 2919.086 ; gain = 0.000 ; free physical = 2376 ; free virtual = 6166
INFO: [Designutils 20-5440] No compile time benefit to using incremental synthesis; A full resynthesis will be run
INFO: [Designutils 20-4379] Flow is switching to default flow due to incremental criteria not met. If you would like to alter this behaviour and have the flow terminate instead, please set the following parameter config_implementation {autoIncr.Synth.RejectBehavior Terminate}
---------------------------------------------------------------------------------
Finished Constraint Validation : Time (s): cpu = 00:00:12 ; elapsed = 00:00:14 . Memory (MB): peak = 2919.086 ; gain = 16.008 ; free physical = 2423 ; free virtual = 6213
---------------------------------------------------------------------------------
---------------------------------------------------------------------------------
Start Loading Part and Timing Information
---------------------------------------------------------------------------------
Loading part: xc7z020clg400-1
---------------------------------------------------------------------------------
Finished Loading Part and Timing Information : Time (s): cpu = 00:00:12 ; elapsed = 00:00:14 . Memory (MB): peak = 2919.086 ; gain = 16.008 ; free physical = 2423 ; free virtual = 6213
---------------------------------------------------------------------------------
---------------------------------------------------------------------------------
Start Applying 'set_property' XDC Constraints
---------------------------------------------------------------------------------
---------------------------------------------------------------------------------
Finished applying 'set_property' XDC Constraints : Time (s): cpu = 00:00:12 ; elapsed = 00:00:14 . Memory (MB): peak = 2919.086 ; gain = 16.008 ; free physical = 2423 ; free virtual = 6213
---------------------------------------------------------------------------------
INFO: [Synth 8-802] inferred FSM for state register 'tap_control_state_reg' in module 'fir'
INFO: [Synth 8-802] inferred FSM for state register 'data_poiter_state_reg' in module 'fir'
WARNING: [Synth 8-327] inferring latch for variable 'FSM_sequential_data_poiter_next_reg' [/home/ubuntu/course/lab3/fir/rtl/fir.v:890]
WARNING: [Synth 8-327] inferring latch for variable 'FSM_onehot_data_poiter_next_reg' [/home/ubuntu/course/lab3/fir/rtl/fir.v:890]
---------------------------------------------------------------------------------------------------
                   State |                     New Encoding |                Previous Encoding 
---------------------------------------------------------------------------------------------------
           DPOINTER_IDLE |                               00 |                              000
      DPOINTER_RST_DBRAM |                               01 |                              001
         DPOINTER_MOVE_D |                               10 |                              010
           DPOINTER_WORK |                               11 |                              011
---------------------------------------------------------------------------------------------------
INFO: [Synth 8-3354] encoded FSM with state register 'data_poiter_state_reg' using encoding 'sequential' in module 'fir'
WARNING: [Synth 8-327] inferring latch for variable 'FSM_sequential_data_poiter_next_reg' [/home/ubuntu/course/lab3/fir/rtl/fir.v:890]
---------------------------------------------------------------------------------------------------
                   State |                     New Encoding |                Previous Encoding 
---------------------------------------------------------------------------------------------------
                 iSTATE5 |                          0000001 |                             0000
                 iSTATE4 |                          0000010 |                             0001
                  iSTATE |                          0000100 |                             0010
                 iSTATE0 |                          0001000 |                             0011
                 iSTATE3 |                          0010000 |                             1001
                 iSTATE1 |                          0100000 |                             1010
                 iSTATE2 |                          1000000 |                             1011
---------------------------------------------------------------------------------------------------
INFO: [Synth 8-3354] encoded FSM with state register 'tap_control_state_reg' using encoding 'one-hot' in module 'fir'
WARNING: [Synth 8-327] inferring latch for variable 'wskip_reg_reg' [/home/ubuntu/course/lab3/fir/rtl/fir.v:121]
WARNING: [Synth 8-327] inferring latch for variable 'block_pro_idle_reg_en_reg' [/home/ubuntu/course/lab3/fir/rtl/fir.v:622]
WARNING: [Synth 8-327] inferring latch for variable 'fir_w_ap_idle_reg' [/home/ubuntu/course/lab3/fir/rtl/fir.v:623]
WARNING: [Synth 8-327] inferring latch for variable 'block_pro_done_reg_en_reg' [/home/ubuntu/course/lab3/fir/rtl/fir.v:620]
WARNING: [Synth 8-327] inferring latch for variable 'block_pro_done_reg_en_reg' [/home/ubuntu/course/lab3/fir/rtl/fir.v:294]
WARNING: [Synth 8-327] inferring latch for variable 'fir_w_ap_done_reg' [/home/ubuntu/course/lab3/fir/rtl/fir.v:621]
WARNING: [Synth 8-327] inferring latch for variable 'fir_w_ap_done_reg' [/home/ubuntu/course/lab3/fir/rtl/fir.v:295]
WARNING: [Synth 8-327] inferring latch for variable 'fir_rst_len_reg' [/home/ubuntu/course/lab3/fir/rtl/fir.v:619]
WARNING: [Synth 8-327] inferring latch for variable 'pipe_counter_start_reg' [/home/ubuntu/course/lab3/fir/rtl/fir.v:1050]
WARNING: [Synth 8-327] inferring latch for variable 'pipe_counter_start_reg' [/home/ubuntu/course/lab3/fir/rtl/fir.v:636]
WARNING: [Synth 8-327] inferring latch for variable 'pipe_counter_rst_reg' [/home/ubuntu/course/lab3/fir/rtl/fir.v:1051]
WARNING: [Synth 8-327] inferring latch for variable 'pipe_counter_rst_reg' [/home/ubuntu/course/lab3/fir/rtl/fir.v:637]
WARNING: [Synth 8-327] inferring latch for variable 'dpointer_work_next_reg' [/home/ubuntu/course/lab3/fir/rtl/fir.v:1053]
WARNING: [Synth 8-327] inferring latch for variable 'dpoiter_rst_dbram_next_reg' [/home/ubuntu/course/lab3/fir/rtl/fir.v:884]
WARNING: [Synth 8-327] inferring latch for variable 'small_counter_write_reg' [/home/ubuntu/course/lab3/fir/rtl/fir.v:908]
WARNING: [Synth 8-327] inferring latch for variable 'small_counter_write_reg' [/home/ubuntu/course/lab3/fir/rtl/fir.v:628]
WARNING: [Synth 8-327] inferring latch for variable 'small_counter_rst_reg' [/home/ubuntu/course/lab3/fir/rtl/fir.v:909]
WARNING: [Synth 8-327] inferring latch for variable 'small_counter_rst_reg' [/home/ubuntu/course/lab3/fir/rtl/fir.v:629]
WARNING: [Synth 8-327] inferring latch for variable 'small_counter_start_reg' [/home/ubuntu/course/lab3/fir/rtl/fir.v:907]
WARNING: [Synth 8-327] inferring latch for variable 'small_counter_start_reg' [/home/ubuntu/course/lab3/fir/rtl/fir.v:627]
WARNING: [Synth 8-327] inferring latch for variable 'mid_counter_start_reg' [/home/ubuntu/course/lab3/fir/rtl/fir.v:630]
WARNING: [Synth 8-327] inferring latch for variable 'mid_counter_rst_reg' [/home/ubuntu/course/lab3/fir/rtl/fir.v:631]
WARNING: [Synth 8-327] inferring latch for variable 'dpoiter_move_dbram_next_reg' [/home/ubuntu/course/lab3/fir/rtl/fir.v:982]
WARNING: [Synth 8-327] inferring latch for variable 'last_eat_reg_reg' [/home/ubuntu/course/lab3/fir/rtl/fir.v:883]
WARNING: [Synth 8-327] inferring latch for variable 'rst_dbram_en_reg' [/home/ubuntu/course/lab3/fir/rtl/fir.v:661]
WARNING: [Synth 8-327] inferring latch for variable 'move_dbram_en_reg' [/home/ubuntu/course/lab3/fir/rtl/fir.v:705]
WARNING: [Synth 8-327] inferring latch for variable 'work_en_reg' [/home/ubuntu/course/lab3/fir/rtl/fir.v:717]
WARNING: [Synth 8-327] inferring latch for variable 'sm_tvalid_reg' [/home/ubuntu/course/lab3/fir/rtl/fir.v:625]
WARNING: [Synth 8-327] inferring latch for variable 'fir_out_sm_reg_en_reg' [/home/ubuntu/course/lab3/fir/rtl/fir.v:1059]
WARNING: [Synth 8-327] inferring latch for variable 'fir_out_sm_reg_en_reg' [/home/ubuntu/course/lab3/fir/rtl/fir.v:727]
WARNING: [Synth 8-327] inferring latch for variable 'fir_data_reg_rst_reg' [/home/ubuntu/course/lab3/fir/rtl/fir.v:686]
WARNING: [Synth 8-327] inferring latch for variable 'fir_tap_EN_reg' [/home/ubuntu/course/lab3/fir/rtl/fir.v:1030]
WARNING: [Synth 8-327] inferring latch for variable 'fir_tap_reg_reg' [/home/ubuntu/course/lab3/fir/rtl/fir.v:1040]
WARNING: [Synth 8-327] inferring latch for variable 'fir_data_reg_reg' [/home/ubuntu/course/lab3/fir/rtl/fir.v:1036]
WARNING: [Synth 8-327] inferring latch for variable 'sm_tlast_reg' [/home/ubuntu/course/lab3/fir/rtl/fir.v:624]
WARNING: [Synth 8-327] inferring latch for variable 'fir_controller_next_reg' [/home/ubuntu/course/lab3/fir/rtl/fir.v:640]
WARNING: [Synth 8-327] inferring latch for variable 'fir_tap_WE_reg' [/home/ubuntu/course/lab3/fir/rtl/fir.v:1029]
WARNING: [Synth 8-327] inferring latch for variable 'fir_tap_A_reg' [/home/ubuntu/course/lab3/fir/rtl/fir.v:1039]
WARNING: [Synth 8-327] inferring latch for variable 'data_WE_reg' [/home/ubuntu/course/lab3/fir/rtl/fir.v:902]
WARNING: [Synth 8-327] inferring latch for variable 'data_EN_reg' [/home/ubuntu/course/lab3/fir/rtl/fir.v:882]
WARNING: [Synth 8-327] inferring latch for variable 'data_Di_reg' [/home/ubuntu/course/lab3/fir/rtl/fir.v:904]
WARNING: [Synth 8-327] inferring latch for variable 'data_A_reg' [/home/ubuntu/course/lab3/fir/rtl/fir.v:905]
WARNING: [Synth 8-327] inferring latch for variable 'fir_send_data_next_reg' [/home/ubuntu/course/lab3/fir/rtl/fir.v:732]
WARNING: [Synth 8-327] inferring latch for variable 'fir_rst_dbram_next_reg' [/home/ubuntu/course/lab3/fir/rtl/fir.v:618]
WARNING: [Synth 8-327] inferring latch for variable 'dbram_rst_finish_reg' [/home/ubuntu/course/lab3/fir/rtl/fir.v:879]
WARNING: [Synth 8-327] inferring latch for variable 'dbram_move_finish_reg' [/home/ubuntu/course/lab3/fir/rtl/fir.v:880]
WARNING: [Synth 8-327] inferring latch for variable 'work_finish_reg' [/home/ubuntu/course/lab3/fir/rtl/fir.v:881]
WARNING: [Synth 8-327] inferring latch for variable 'tap_counter_start_reg' [/home/ubuntu/course/lab3/fir/rtl/fir.v:1047]
WARNING: [Synth 8-327] inferring latch for variable 'tap_counter_start_reg' [/home/ubuntu/course/lab3/fir/rtl/fir.v:634]
WARNING: [Synth 8-327] inferring latch for variable 'tap_counter_rst_reg' [/home/ubuntu/course/lab3/fir/rtl/fir.v:1048]
WARNING: [Synth 8-327] inferring latch for variable 'tap_counter_rst_reg' [/home/ubuntu/course/lab3/fir/rtl/fir.v:635]
---------------------------------------------------------------------------------
Finished RTL Optimization Phase 2 : Time (s): cpu = 00:00:13 ; elapsed = 00:00:14 . Memory (MB): peak = 2919.086 ; gain = 16.008 ; free physical = 2416 ; free virtual = 6206
---------------------------------------------------------------------------------
---------------------------------------------------------------------------------
Start RTL Component Statistics 
---------------------------------------------------------------------------------
Detailed RTL Component Info : 
+---Adders : 
	   2 Input   32 Bit       Adders := 1     
	   2 Input   12 Bit       Adders := 2     
	   2 Input   10 Bit       Adders := 1     
	   2 Input    5 Bit       Adders := 3     
	   2 Input    4 Bit       Adders := 1     
+---Registers : 
	               32 Bit    Registers := 6     
	               12 Bit    Registers := 2     
	               10 Bit    Registers := 1     
	                5 Bit    Registers := 3     
	                4 Bit    Registers := 1     
	                3 Bit    Registers := 1     
	                2 Bit    Registers := 3     
	                1 Bit    Registers := 13    
+---Multipliers : 
	              32x32  Multipliers := 1     
+---Muxes : 
	   2 Input   32 Bit        Muxes := 3     
	   4 Input   32 Bit        Muxes := 3     
	   2 Input   12 Bit        Muxes := 3     
	   4 Input   12 Bit        Muxes := 2     
	   2 Input   10 Bit        Muxes := 2     
	   4 Input    7 Bit        Muxes := 3     
	   2 Input    7 Bit        Muxes := 2     
	   7 Input    7 Bit        Muxes := 1     
	   2 Input    6 Bit        Muxes := 2     
	   2 Input    5 Bit        Muxes := 7     
	   4 Input    5 Bit        Muxes := 1     
	   7 Input    5 Bit        Muxes := 1     
	   4 Input    4 Bit        Muxes := 3     
	   2 Input    4 Bit        Muxes := 3     
	   7 Input    4 Bit        Muxes := 1     
	   2 Input    3 Bit        Muxes := 1     
	   3 Input    2 Bit        Muxes := 1     
	   2 Input    2 Bit        Muxes := 6     
	   4 Input    2 Bit        Muxes := 3     
	   6 Input    2 Bit        Muxes := 2     
	   5 Input    2 Bit        Muxes := 1     
	   6 Input    1 Bit        Muxes := 16    
	   2 Input    1 Bit        Muxes := 33    
	   3 Input    1 Bit        Muxes := 1     
	   4 Input    1 Bit        Muxes := 41    
	   7 Input    1 Bit        Muxes := 21    
---------------------------------------------------------------------------------
Finished RTL Component Statistics 
---------------------------------------------------------------------------------
---------------------------------------------------------------------------------
Start Part Resource Summary
---------------------------------------------------------------------------------
Part Resources:
DSPs: 220 (col length:60)
BRAMs: 280 (col length: RAMB18 60 RAMB36 30)
---------------------------------------------------------------------------------
Finished Part Resource Summary
---------------------------------------------------------------------------------
---------------------------------------------------------------------------------
Start Cross Boundary and Area Optimization
---------------------------------------------------------------------------------
WARNING: [Synth 8-7080] Parallel synthesis criteria is not met
DSP Report: Generating DSP fir_result_out_reg_out1, operation Mode is: A*B.
DSP Report: operator fir_result_out_reg_out1 is absorbed into DSP fir_result_out_reg_out1.
DSP Report: operator fir_result_out_reg_out1 is absorbed into DSP fir_result_out_reg_out1.
DSP Report: Generating DSP fir_result_out_reg_out1, operation Mode is: (PCIN>>17)+A*B.
DSP Report: operator fir_result_out_reg_out1 is absorbed into DSP fir_result_out_reg_out1.
DSP Report: operator fir_result_out_reg_out1 is absorbed into DSP fir_result_out_reg_out1.
DSP Report: Generating DSP fir_result_out_reg_out1, operation Mode is: A*B.
DSP Report: operator fir_result_out_reg_out1 is absorbed into DSP fir_result_out_reg_out1.
DSP Report: operator fir_result_out_reg_out1 is absorbed into DSP fir_result_out_reg_out1.
DSP Report: Generating DSP fir_result_out_reg_out1, operation Mode is: (PCIN>>17)+A*B.
DSP Report: operator fir_result_out_reg_out1 is absorbed into DSP fir_result_out_reg_out1.
DSP Report: operator fir_result_out_reg_out1 is absorbed into DSP fir_result_out_reg_out1.
WARNING: [Synth 8-7129] Port ss_tlast in module fir is either unconnected or has no load
CRITICAL WARNING: [Synth 8-6859] multi-driven net on pin WorR_mux_en[1] with 1st driver pin 'WorR_mux_en_inferred/WorR_mux_en_reg[1]' [/home/ubuntu/course/lab3/fir/rtl/fir.v:259]
CRITICAL WARNING: [Synth 8-6859] multi-driven net on pin WorR_mux_en[1] with 2nd driver pin 'GND' [/home/ubuntu/course/lab3/fir/rtl/fir.v:259]
CRITICAL WARNING: [Synth 8-6858] multi-driven net WorR_mux_en[1] is connected to at least one constant driver which has been preserved, other driver is ignored [/home/ubuntu/course/lab3/fir/rtl/fir.v:259]
CRITICAL WARNING: [Synth 8-6859] multi-driven net on pin WorR_mux_en_reg with 1st driver pin 'WorR_mux_en_inferred__0/WorR_mux_en_reg' [/home/ubuntu/course/lab3/fir/rtl/fir.v:114]
CRITICAL WARNING: [Synth 8-6859] multi-driven net on pin WorR_mux_en_reg with 2nd driver pin 'GND' [/home/ubuntu/course/lab3/fir/rtl/fir.v:114]
CRITICAL WARNING: [Synth 8-6858] multi-driven net WorR_mux_en_reg is connected to at least one constant driver which has been preserved, other driver is ignored [/home/ubuntu/course/lab3/fir/rtl/fir.v:114]
WARNING: [Synth 8-3332] Sequential element (FSM_onehot_tap_control_state_reg[3]) is unused and will be removed from module fir.
WARNING: [Synth 8-3332] Sequential element (FSM_onehot_tap_control_state_reg[0]) is unused and will be removed from module fir.
WARNING: [Synth 8-3332] Sequential element (data_A_reg[11]) is unused and will be removed from module fir.
WARNING: [Synth 8-3332] Sequential element (fir_tap_WE_reg[3]) is unused and will be removed from module fir.
---------------------------------------------------------------------------------
Finished Cross Boundary and Area Optimization : Time (s): cpu = 00:00:16 ; elapsed = 00:00:18 . Memory (MB): peak = 2919.086 ; gain = 16.008 ; free physical = 2394 ; free virtual = 6190
---------------------------------------------------------------------------------
---------------------------------------------------------------------------------
Start ROM, RAM, DSP, Shift Register and Retiming Reporting
---------------------------------------------------------------------------------

DSP: Preliminary Mapping Report (see note below. The ' indicates corresponding REG is set)
+------------+----------------+--------+--------+--------+--------+--------+------+------+------+------+-------+------+------+
|Module Name | DSP Mapping    | A Size | B Size | C Size | D Size | P Size | AREG | BREG | CREG | DREG | ADREG | MREG | PREG | 
+------------+----------------+--------+--------+--------+--------+--------+------+------+------+------+-------+------+------+
|fir         | A*B            | 18     | 16     | -      | -      | 48     | 0    | 0    | -    | -    | -     | 0    | 0    | 
|fir         | (PCIN>>17)+A*B | 16     | 16     | -      | -      | 48     | 0    | 0    | -    | -    | -     | 0    | 0    | 
|fir         | A*B            | 18     | 18     | -      | -      | 48     | 0    | 0    | -    | -    | -     | 0    | 0    | 
|fir         | (PCIN>>17)+A*B | 18     | 16     | -      | -      | 48     | 0    | 0    | -    | -    | -     | 0    | 0    | 
+------------+----------------+--------+--------+--------+--------+--------+------+------+------+------+-------+------+------+

Note: The table above is a preliminary report that shows the DSPs inferred at the current stage of the synthesis flow. Some DSP may be reimplemented as non DSP primitives later in the synthesis flow. Multiple instantiated DSPs are reported only once.
---------------------------------------------------------------------------------
Finished ROM, RAM, DSP, Shift Register and Retiming Reporting
---------------------------------------------------------------------------------
---------------------------------------------------------------------------------
Start Applying XDC Timing Constraints
---------------------------------------------------------------------------------
---------------------------------------------------------------------------------
Finished Applying XDC Timing Constraints : Time (s): cpu = 00:00:22 ; elapsed = 00:00:24 . Memory (MB): peak = 2919.086 ; gain = 16.008 ; free physical = 2275 ; free virtual = 6070
---------------------------------------------------------------------------------
---------------------------------------------------------------------------------
Start Timing Optimization
---------------------------------------------------------------------------------
---------------------------------------------------------------------------------
Finished Timing Optimization : Time (s): cpu = 00:00:24 ; elapsed = 00:00:25 . Memory (MB): peak = 2919.086 ; gain = 16.008 ; free physical = 2252 ; free virtual = 6047
---------------------------------------------------------------------------------
---------------------------------------------------------------------------------
Start Technology Mapping
---------------------------------------------------------------------------------
---------------------------------------------------------------------------------
Finished Technology Mapping : Time (s): cpu = 00:00:24 ; elapsed = 00:00:25 . Memory (MB): peak = 2919.086 ; gain = 16.008 ; free physical = 2254 ; free virtual = 6049
---------------------------------------------------------------------------------
---------------------------------------------------------------------------------
Start IO Insertion
---------------------------------------------------------------------------------
---------------------------------------------------------------------------------
Start Flattening Before IO Insertion
---------------------------------------------------------------------------------
---------------------------------------------------------------------------------
Finished Flattening Before IO Insertion
---------------------------------------------------------------------------------
---------------------------------------------------------------------------------
Start Final Netlist Cleanup
---------------------------------------------------------------------------------
---------------------------------------------------------------------------------
Finished Final Netlist Cleanup
---------------------------------------------------------------------------------
---------------------------------------------------------------------------------
Finished IO Insertion : Time (s): cpu = 00:00:27 ; elapsed = 00:00:29 . Memory (MB): peak = 2919.086 ; gain = 16.008 ; free physical = 2254 ; free virtual = 6049
---------------------------------------------------------------------------------
---------------------------------------------------------------------------------
Start Renaming Generated Instances
---------------------------------------------------------------------------------
---------------------------------------------------------------------------------
Finished Renaming Generated Instances : Time (s): cpu = 00:00:27 ; elapsed = 00:00:29 . Memory (MB): peak = 2919.086 ; gain = 16.008 ; free physical = 2254 ; free virtual = 6049
---------------------------------------------------------------------------------
CRITICAL WARNING: [Synth 8-6859] multi-driven net on pin block_pro_done_reg_en with 1st driver pin 'block_pro_done_reg_en_reg__0/Q' [/home/ubuntu/course/lab3/fir/rtl/fir.v:294]
CRITICAL WARNING: [Synth 8-6859] multi-driven net on pin block_pro_done_reg_en with 2nd driver pin 'block_pro_done_reg_en_reg/Q' [/home/ubuntu/course/lab3/fir/rtl/fir.v:620]
CRITICAL WARNING: [Synth 8-6859] multi-driven net on pin fir_w_ap_done with 1st driver pin 'fir_w_ap_done_reg__0/Q' [/home/ubuntu/course/lab3/fir/rtl/fir.v:295]
CRITICAL WARNING: [Synth 8-6859] multi-driven net on pin fir_w_ap_done with 2nd driver pin 'fir_w_ap_done_reg/Q' [/home/ubuntu/course/lab3/fir/rtl/fir.v:621]
CRITICAL WARNING: [Synth 8-6859] multi-driven net on pin pipe_counter_start with 1st driver pin 'pipe_counter_start_reg__0/Q' [/home/ubuntu/course/lab3/fir/rtl/fir.v:636]
CRITICAL WARNING: [Synth 8-6859] multi-driven net on pin pipe_counter_start with 2nd driver pin 'pipe_counter_start_reg/Q' [/home/ubuntu/course/lab3/fir/rtl/fir.v:1050]
CRITICAL WARNING: [Synth 8-6859] multi-driven net on pin pipe_counter_rst with 1st driver pin 'pipe_counter_rst_reg__0/Q' [/home/ubuntu/course/lab3/fir/rtl/fir.v:637]
CRITICAL WARNING: [Synth 8-6859] multi-driven net on pin pipe_counter_rst with 2nd driver pin 'pipe_counter_rst_reg/Q' [/home/ubuntu/course/lab3/fir/rtl/fir.v:1051]
CRITICAL WARNING: [Synth 8-6859] multi-driven net on pin small_counter_write with 1st driver pin 'small_counter_write_reg__0/Q' [/home/ubuntu/course/lab3/fir/rtl/fir.v:628]
CRITICAL WARNING: [Synth 8-6859] multi-driven net on pin small_counter_write with 2nd driver pin 'small_counter_write_reg/Q' [/home/ubuntu/course/lab3/fir/rtl/fir.v:908]
CRITICAL WARNING: [Synth 8-6859] multi-driven net on pin small_counter_rst[4] with 1st driver pin 'small_counter_rst_reg[4]__0/Q' [/home/ubuntu/course/lab3/fir/rtl/fir.v:629]
CRITICAL WARNING: [Synth 8-6859] multi-driven net on pin small_counter_rst[4] with 2nd driver pin 'small_counter_rst_reg[4]/Q' [/home/ubuntu/course/lab3/fir/rtl/fir.v:909]
CRITICAL WARNING: [Synth 8-6859] multi-driven net on pin small_counter_rst[3] with 1st driver pin 'small_counter_rst_reg[3]__0/Q' [/home/ubuntu/course/lab3/fir/rtl/fir.v:629]
CRITICAL WARNING: [Synth 8-6859] multi-driven net on pin small_counter_rst[3] with 2nd driver pin 'small_counter_rst_reg[3]/Q' [/home/ubuntu/course/lab3/fir/rtl/fir.v:909]
CRITICAL WARNING: [Synth 8-6859] multi-driven net on pin small_counter_rst[2] with 1st driver pin 'small_counter_rst_reg[2]__0/Q' [/home/ubuntu/course/lab3/fir/rtl/fir.v:629]
CRITICAL WARNING: [Synth 8-6859] multi-driven net on pin small_counter_rst[2] with 2nd driver pin 'small_counter_rst_reg[2]/Q' [/home/ubuntu/course/lab3/fir/rtl/fir.v:909]
CRITICAL WARNING: [Synth 8-6859] multi-driven net on pin small_counter_rst[1] with 1st driver pin 'small_counter_rst_reg[1]__0/Q' [/home/ubuntu/course/lab3/fir/rtl/fir.v:629]
CRITICAL WARNING: [Synth 8-6859] multi-driven net on pin small_counter_rst[1] with 2nd driver pin 'small_counter_rst_reg[1]/Q' [/home/ubuntu/course/lab3/fir/rtl/fir.v:909]
CRITICAL WARNING: [Synth 8-6859] multi-driven net on pin small_counter_rst[0] with 1st driver pin 'small_counter_rst_reg[0]__0/Q' [/home/ubuntu/course/lab3/fir/rtl/fir.v:629]
CRITICAL WARNING: [Synth 8-6859] multi-driven net on pin small_counter_rst[0] with 2nd driver pin 'small_counter_rst_reg[0]/Q' [/home/ubuntu/course/lab3/fir/rtl/fir.v:909]
CRITICAL WARNING: [Synth 8-6859] multi-driven net on pin small_counter_start with 1st driver pin 'small_counter_start_reg__0/Q' [/home/ubuntu/course/lab3/fir/rtl/fir.v:627]
CRITICAL WARNING: [Synth 8-6859] multi-driven net on pin small_counter_start with 2nd driver pin 'small_counter_start_reg/Q' [/home/ubuntu/course/lab3/fir/rtl/fir.v:907]
CRITICAL WARNING: [Synth 8-6859] multi-driven net on pin fir_out_sm_reg_en with 1st driver pin 'fir_out_sm_reg_en_reg__0/Q' [/home/ubuntu/course/lab3/fir/rtl/fir.v:727]
CRITICAL WARNING: [Synth 8-6859] multi-driven net on pin fir_out_sm_reg_en with 2nd driver pin 'fir_out_sm_reg_en_reg/Q' [/home/ubuntu/course/lab3/fir/rtl/fir.v:1059]
CRITICAL WARNING: [Synth 8-6859] multi-driven net on pin tap_counter_start with 1st driver pin 'tap_counter_start_reg__0/Q' [/home/ubuntu/course/lab3/fir/rtl/fir.v:634]
CRITICAL WARNING: [Synth 8-6859] multi-driven net on pin tap_counter_start with 2nd driver pin 'tap_counter_start_reg/Q' [/home/ubuntu/course/lab3/fir/rtl/fir.v:1047]
CRITICAL WARNING: [Synth 8-6859] multi-driven net on pin tap_counter_rst[3] with 1st driver pin 'tap_counter_rst_reg[3]__0/Q' [/home/ubuntu/course/lab3/fir/rtl/fir.v:635]
CRITICAL WARNING: [Synth 8-6859] multi-driven net on pin tap_counter_rst[3] with 2nd driver pin 'tap_counter_rst_reg[3]/Q' [/home/ubuntu/course/lab3/fir/rtl/fir.v:1048]
CRITICAL WARNING: [Synth 8-6859] multi-driven net on pin tap_counter_rst[2] with 1st driver pin 'tap_counter_rst_reg[2]__0/Q' [/home/ubuntu/course/lab3/fir/rtl/fir.v:635]
CRITICAL WARNING: [Synth 8-6859] multi-driven net on pin tap_counter_rst[2] with 2nd driver pin 'tap_counter_rst_reg[2]/Q' [/home/ubuntu/course/lab3/fir/rtl/fir.v:1048]
CRITICAL WARNING: [Synth 8-6859] multi-driven net on pin tap_counter_rst[1] with 1st driver pin 'tap_counter_rst_reg[1]__0/Q' [/home/ubuntu/course/lab3/fir/rtl/fir.v:635]
CRITICAL WARNING: [Synth 8-6859] multi-driven net on pin tap_counter_rst[1] with 2nd driver pin 'tap_counter_rst_reg[1]/Q' [/home/ubuntu/course/lab3/fir/rtl/fir.v:1048]
CRITICAL WARNING: [Synth 8-6859] multi-driven net on pin tap_counter_rst[0] with 1st driver pin 'tap_counter_rst_reg[0]__0/Q' [/home/ubuntu/course/lab3/fir/rtl/fir.v:635]
CRITICAL WARNING: [Synth 8-6859] multi-driven net on pin tap_counter_rst[0] with 2nd driver pin 'tap_counter_rst_reg[0]/Q' [/home/ubuntu/course/lab3/fir/rtl/fir.v:1048]

Report Check Netlist: 
+------+------------------+-------+---------+-------+------------------+
|      |Item              |Errors |Warnings |Status |Description       |
+------+------------------+-------+---------+-------+------------------+
|1     |multi_driven_nets |      0|       17|Failed |Multi driven nets |
+------+------------------+-------+---------+-------+------------------+
---------------------------------------------------------------------------------
Start Rebuilding User Hierarchy
---------------------------------------------------------------------------------
---------------------------------------------------------------------------------
Finished Rebuilding User Hierarchy : Time (s): cpu = 00:00:28 ; elapsed = 00:00:29 . Memory (MB): peak = 2919.086 ; gain = 16.008 ; free physical = 2254 ; free virtual = 6049
---------------------------------------------------------------------------------
---------------------------------------------------------------------------------
Start Renaming Generated Ports
---------------------------------------------------------------------------------
---------------------------------------------------------------------------------
Finished Renaming Generated Ports : Time (s): cpu = 00:00:28 ; elapsed = 00:00:29 . Memory (MB): peak = 2919.086 ; gain = 16.008 ; free physical = 2254 ; free virtual = 6049
---------------------------------------------------------------------------------
---------------------------------------------------------------------------------
Start Handling Custom Attributes
---------------------------------------------------------------------------------
---------------------------------------------------------------------------------
Finished Handling Custom Attributes : Time (s): cpu = 00:00:28 ; elapsed = 00:00:29 . Memory (MB): peak = 2919.086 ; gain = 16.008 ; free physical = 2254 ; free virtual = 6049
---------------------------------------------------------------------------------
---------------------------------------------------------------------------------
Start Renaming Generated Nets
---------------------------------------------------------------------------------
---------------------------------------------------------------------------------
Finished Renaming Generated Nets : Time (s): cpu = 00:00:28 ; elapsed = 00:00:29 . Memory (MB): peak = 2919.086 ; gain = 16.008 ; free physical = 2254 ; free virtual = 6049
---------------------------------------------------------------------------------
---------------------------------------------------------------------------------
Start Writing Synthesis Report
---------------------------------------------------------------------------------

DSP Final Report (the ' indicates corresponding REG is set)
+------------+--------------+--------+--------+--------+--------+--------+------+------+------+------+-------+------+------+
|Module Name | DSP Mapping  | A Size | B Size | C Size | D Size | P Size | AREG | BREG | CREG | DREG | ADREG | MREG | PREG | 
+------------+--------------+--------+--------+--------+--------+--------+------+------+------+------+-------+------+------+
|fir         | A*B          | 17     | 15     | -      | -      | 48     | 0    | 0    | -    | -    | -     | 0    | 0    | 
|fir         | A*B          | 17     | 17     | -      | -      | 48     | 0    | 0    | -    | -    | -     | 0    | 0    | 
|fir         | PCIN>>17+A*B | 0      | 15     | -      | -      | 48     | 0    | 0    | -    | -    | -     | 0    | 0    | 
+------------+--------------+--------+--------+--------+--------+--------+------+------+------+------+-------+------+------+


Report BlackBoxes: 
+-+--------------+----------+
| |BlackBox name |Instances |
+-+--------------+----------+
+-+--------------+----------+

Report Cell Usage: 
+------+--------+------+
|      |Cell    |Count |
+------+--------+------+
|1     |BUFG    |     5|
|2     |CARRY4  |    26|
|3     |DSP48E1 |     3|
|4     |LUT1    |    39|
|5     |LUT2    |   174|
|6     |LUT3    |    68|
|7     |LUT4    |    79|
|8     |LUT5    |    60|
|9     |LUT6    |    52|
|10    |FDCE    |   273|
|11    |FDPE    |    27|
|12    |LD      |   171|
|13    |IBUF    |   160|
|14    |OBUF    |   169|
+------+--------+------+
---------------------------------------------------------------------------------
Finished Writing Synthesis Report : Time (s): cpu = 00:00:28 ; elapsed = 00:00:29 . Memory (MB): peak = 2919.086 ; gain = 16.008 ; free physical = 2254 ; free virtual = 6049
---------------------------------------------------------------------------------
Synthesis finished with 0 errors, 40 critical warnings and 60 warnings.
Synthesis Optimization Runtime : Time (s): cpu = 00:00:26 ; elapsed = 00:00:27 . Memory (MB): peak = 2919.086 ; gain = 0.000 ; free physical = 2311 ; free virtual = 6107
Synthesis Optimization Complete : Time (s): cpu = 00:00:28 ; elapsed = 00:00:29 . Memory (MB): peak = 2919.094 ; gain = 16.008 ; free physical = 2311 ; free virtual = 6107
INFO: [Project 1-571] Translating synthesized netlist
Netlist sorting complete. Time (s): cpu = 00:00:00.01 ; elapsed = 00:00:00.01 . Memory (MB): peak = 2919.094 ; gain = 0.000 ; free physical = 2405 ; free virtual = 6200
INFO: [Netlist 29-17] Analyzing 200 Unisim elements for replacement
INFO: [Netlist 29-28] Unisim Transformation completed in 0 CPU seconds
WARNING: [Netlist 29-101] Netlist 'fir' is not ideal for floorplanning, since the cellview 'fir' contains a large number of primitives.  Please consider enabling hierarchy in synthesis if you want to do floorplanning.
INFO: [Project 1-570] Preparing netlist for logic optimization
INFO: [Opt 31-138] Pushed 1 inverter(s) to 3 load pin(s).
Netlist sorting complete. Time (s): cpu = 00:00:00.01 ; elapsed = 00:00:00.01 . Memory (MB): peak = 2919.094 ; gain = 0.000 ; free physical = 2361 ; free virtual = 6156
INFO: [Project 1-111] Unisim Transformation Summary:
  A total of 171 instances were transformed.
  LD => LDCE: 168 instances
  LD => LDCE (inverted pins: G): 3 instances

Synth Design complete, checksum: d1436dfc
INFO: [Common 17-83] Releasing license: Synthesis
28 Infos, 68 Warnings, 40 Critical Warnings and 0 Errors encountered.
synth_design completed successfully
synth_design: Time (s): cpu = 00:00:38 ; elapsed = 00:00:35 . Memory (MB): peak = 2919.094 ; gain = 16.016 ; free physical = 2569 ; free virtual = 6364
INFO: [runtcl-6] Synthesis results are not added to the cache due to CRITICAL_WARNING
INFO: [Common 17-1381] The checkpoint '/home/ubuntu/course/lab3/project_1/project_1.runs/synth_1/fir.dcp' has been generated.
INFO: [runtcl-4] Executing : report_utilization -file fir_utilization_synth.rpt -pb fir_utilization_synth.pb
INFO: [Common 17-206] Exiting Vivado at Sat Oct 21 06:44:12 2023...
